build/app/outputs/mapping/release/mapping.txt
# compiler: R8
# compiler_version: 1.5.64
# min_api: 16
# pg_map_id: fff4c28
com.example.helloworld.MainActivity -> com.example.helloworld.MainActivity:
    void configureFlutterEngine(io.flutter.embedding.engine.FlutterEngine) -> b
...
com.google.common.collect.AbstractMapBasedMultimap -> b.a.b.b.d:
    int totalSize -> f
    java.util.Map map -> e
    java.util.Map access$000(com.google.common.collect.AbstractMapBasedMultimap) -> a
    int access$202(com.google.common.collect.AbstractMapBasedMultimap,int) -> a
    void access$300(com.google.common.collect.AbstractMapBasedMultimap,java.lang.Object) -> a
    java.util.Collection unmodifiableCollectionSubclass(java.util.Collection) -> a
    java.util.Collection wrapCollection(java.lang.Object,java.util.Collection) -> a
    java.util.List wrapList(java.lang.Object,java.util.List,com.google.common.collect.AbstractMapBasedMultimap$WrappedCollection) -> a
    java.util.Iterator access$100(java.util.Collection) -> b
    int access$200(com.google.common.collect.AbstractMapBasedMultimap) -> b
    java.util.Collection createCollection(java.lang.Object) -> b
    int access$208(com.google.common.collect.AbstractMapBasedMultimap) -> c
    java.util.Iterator iteratorOrListIterator(java.util.Collection) -> c
    void removeValuesForKey(java.lang.Object) -> c
    int access$210(com.google.common.collect.AbstractMapBasedMultimap) -> d
    java.util.Collection createValues() -> d
    java.util.Iterator valueIterator() -> f
    java.util.Collection createCollection() -> g
    java.util.Map createMaybeNavigableAsMap() -> h
    java.util.Set createMaybeNavigableKeySet() -> i
com.google.common.collect.AbstractMapBasedMultimap$1 -> b.a.b.b.d$a:
    java.lang.Object output(java.lang.Object,java.lang.Object) -> a
com.google.common.collect.AbstractMapBasedMultimap$AsMap -> b.a.b.b.d$b:
    java.util.Map submap -> d
    com.google.common.collect.AbstractMapBasedMultimap this$0 -> e
    java.util.Set createEntrySet() -> a
    java.util.Map$Entry wrapEntry(java.util.Map$Entry) -> a
com.google.common.collect.AbstractMapBasedMultimap$AsMap$AsMapEntries -> b.a.b.b.d$b$a:
    com.google.common.collect.AbstractMapBasedMultimap$AsMap this$1 -> b
    java.util.Map map() -> b
com.google.common.collect.AbstractMapBasedMultimap$AsMap$AsMapIterator -> b.a.b.b.d$b$b:
    java.util.Collection collection -> c
    java.util.Iterator delegateIterator -> b
    com.google.common.collect.AbstractMapBasedMultimap$AsMap this$1 -> d
com.google.common.collect.AbstractMapBasedMultimap$Itr -> b.a.b.b.d$c:
    java.util.Collection collection -> d
    java.util.Iterator valueIterator -> e
    java.util.Iterator keyIterator -> b
    java.lang.Object key -> c
    com.google.common.collect.AbstractMapBasedMultimap this$0 -> f
    java.lang.Object output(java.lang.Object,java.lang.Object) -> a
com.google.common.collect.AbstractMapBasedMultimap$KeySet -> b.a.b.b.d$d:
    com.google.common.collect.AbstractMapBasedMultimap this$0 -> c
com.google.common.collect.AbstractMapBasedMultimap$KeySet$1 -> b.a.b.b.d$d$a:
    java.util.Map$Entry entry -> b
    java.util.Iterator val$entryIterator -> c
    com.google.common.collect.AbstractMapBasedMultimap$KeySet this$1 -> d
com.google.common.collect.AbstractMapBasedMultimap$NavigableAsMap -> b.a.b.b.d$e:
    com.google.common.collect.AbstractMapBasedMultimap this$0 -> h
    java.util.Map$Entry pollAsMapEntry(java.util.Iterator) -> a
    java.util.NavigableSet createKeySet() -> c
    java.util.SortedSet createKeySet() -> c
    java.util.NavigableMap sortedMap() -> d
    java.util.SortedMap sortedMap() -> d
com.google.common.collect.AbstractMapBasedMultimap$NavigableKeySet -> b.a.b.b.d$f:
    com.google.common.collect.AbstractMapBasedMultimap this$0 -> e
    java.util.NavigableMap sortedMap() -> c
    java.util.SortedMap sortedMap() -> c
com.google.common.collect.AbstractMapBasedMultimap$RandomAccessWrappedList -> b.a.b.b.d$g:
com.google.common.collect.AbstractMapBasedMultimap$SortedAsMap -> b.a.b.b.d$h:
    com.google.common.collect.AbstractMapBasedMultimap this$0 -> g
    java.util.SortedSet sortedKeySet -> f
    java.util.SortedSet createKeySet() -> c
    java.util.SortedMap sortedMap() -> d